{"C:\\development\\backend\\node\\projects\\test_project\\5_Express_API\\src\\app.ts": {"path":"C:\\development\\backend\\node\\projects\\test_project\\5_Express_API\\src\\app.ts","statementMap":{"0":{"start":{"line":1,"column":0},"end":{"line":1,"column":43}},"1":{"start":{"line":4,"column":0},"end":{"line":4,"column":47}},"2":{"start":{"line":5,"column":0},"end":{"line":5,"column":32}},"3":{"start":{"line":6,"column":0},"end":{"line":6,"column":35}},"4":{"start":{"line":7,"column":0},"end":{"line":7,"column":26}},"5":{"start":{"line":10,"column":0},"end":{"line":10,"column":57}},"6":{"start":{"line":11,"column":0},"end":{"line":11,"column":58}},"7":{"start":{"line":12,"column":0},"end":{"line":12,"column":58}},"8":{"start":{"line":15,"column":0},"end":{"line":57,"column":null}},"9":{"start":{"line":21,"column":35},"end":{"line":21,"column":50}},"10":{"start":{"line":22,"column":42},"end":{"line":22,"column":57}},"11":{"start":{"line":23,"column":43},"end":{"line":23,"column":76}},"12":{"start":{"line":24,"column":41},"end":{"line":24,"column":70}},"13":{"start":{"line":25,"column":41},"end":{"line":25,"column":56}},"14":{"start":{"line":27,"column":4},"end":{"line":27,"column":25}},"15":{"start":{"line":28,"column":4},"end":{"line":28,"column":21}},"16":{"start":{"line":32,"column":4},"end":{"line":32,"column":25}},"17":{"start":{"line":33,"column":27},"end":{"line":33,"column":79}},"18":{"start":{"line":34,"column":4},"end":{"line":34,"column":62}},"19":{"start":{"line":38,"column":4},"end":{"line":38,"column":54}},"20":{"start":{"line":42,"column":4},"end":{"line":42,"column":72}},"21":{"start":{"line":46,"column":4},"end":{"line":46,"column":25}},"22":{"start":{"line":47,"column":4},"end":{"line":47,"column":21}},"23":{"start":{"line":48,"column":4},"end":{"line":48,"column":31}},"24":{"start":{"line":49,"column":4},"end":{"line":49,"column":39}},"25":{"start":{"line":50,"column":4},"end":{"line":50,"column":45}},"26":{"start":{"line":51,"column":4},"end":{"line":51,"column":71}},"27":{"start":{"line":55,"column":4},"end":{"line":55,"column":24}},"28":{"start":{"line":15,"column":13},"end":{"line":57,"column":null}},"29":{"start":{"line":15,"column":13},"end":{"line":15,"column":16}}},"fnMap":{"0":{"name":"(anonymous_12)","decl":{"start":{"line":20,"column":2},"end":{"line":20,"column":null}},"loc":{"start":{"line":25,"column":69},"end":{"line":29,"column":3}}},"1":{"name":"(anonymous_13)","decl":{"start":{"line":31,"column":2},"end":{"line":31,"column":15}},"loc":{"start":{"line":31,"column":15},"end":{"line":35,"column":3}}},"2":{"name":"(anonymous_14)","decl":{"start":{"line":37,"column":2},"end":{"line":37,"column":11}},"loc":{"start":{"line":37,"column":11},"end":{"line":39,"column":3}}},"3":{"name":"(anonymous_15)","decl":{"start":{"line":41,"column":2},"end":{"line":41,"column":21}},"loc":{"start":{"line":41,"column":21},"end":{"line":43,"column":3}}},"4":{"name":"(anonymous_16)","decl":{"start":{"line":45,"column":15},"end":{"line":45,"column":19}},"loc":{"start":{"line":45,"column":19},"end":{"line":52,"column":null}}},"5":{"name":"(anonymous_18)","decl":{"start":{"line":54,"column":9},"end":{"line":54,"column":14}},"loc":{"start":{"line":54,"column":14},"end":{"line":56,"column":3}}}},"branchMap":{},"s":{"0":1,"1":1,"2":1,"3":1,"4":1,"5":1,"6":1,"7":1,"8":1,"9":1,"10":1,"11":1,"12":1,"13":1,"14":1,"15":1,"16":1,"17":1,"18":1,"19":1,"20":1,"21":1,"22":1,"23":1,"24":1,"25":1,"26":1,"27":1,"28":1,"29":1},"f":{"0":1,"1":1,"2":1,"3":1,"4":1,"5":1},"b":{}}
,"C:\\development\\backend\\node\\projects\\test_project\\5_Express_API\\src\\main.ts": {"path":"C:\\development\\backend\\node\\projects\\test_project\\5_Express_API\\src\\main.ts","statementMap":{"0":{"start":{"line":1,"column":0},"end":{"line":1,"column":67}},"1":{"start":{"line":2,"column":0},"end":{"line":2,"column":28}},"2":{"start":{"line":3,"column":0},"end":{"line":3,"column":56}},"3":{"start":{"line":5,"column":0},"end":{"line":5,"column":58}},"4":{"start":{"line":6,"column":0},"end":{"line":6,"column":60}},"5":{"start":{"line":9,"column":0},"end":{"line":9,"column":56}},"6":{"start":{"line":10,"column":0},"end":{"line":10,"column":32}},"7":{"start":{"line":11,"column":0},"end":{"line":11,"column":57}},"8":{"start":{"line":13,"column":0},"end":{"line":13,"column":59}},"9":{"start":{"line":15,"column":0},"end":{"line":15,"column":53}},"10":{"start":{"line":23,"column":13},"end":{"line":33,"column":3}},"11":{"start":{"line":24,"column":2},"end":{"line":24,"column":68}},"12":{"start":{"line":25,"column":2},"end":{"line":25,"column":87}},"13":{"start":{"line":26,"column":2},"end":{"line":26,"column":84}},"14":{"start":{"line":27,"column":2},"end":{"line":27,"column":78}},"15":{"start":{"line":28,"column":2},"end":{"line":28,"column":81}},"16":{"start":{"line":30,"column":2},"end":{"line":30,"column":80}},"17":{"start":{"line":31,"column":2},"end":{"line":31,"column":87}},"18":{"start":{"line":32,"column":2},"end":{"line":32,"column":58}},"19":{"start":{"line":36,"column":23},"end":{"line":36,"column":38}},"20":{"start":{"line":37,"column":2},"end":{"line":37,"column":33}},"21":{"start":{"line":38,"column":14},"end":{"line":38,"column":54}},"22":{"start":{"line":39,"column":2},"end":{"line":39,"column":19}},"23":{"start":{"line":40,"column":2},"end":{"line":40,"column":31}},"24":{"start":{"line":43,"column":13},"end":{"line":43,"column":32}}},"fnMap":{"0":{"name":"(anonymous_7)","decl":{"start":{"line":23,"column":47},"end":{"line":23,"column":48}},"loc":{"start":{"line":23,"column":73},"end":{"line":33,"column":1}}},"1":{"name":"bootstrap","decl":{"start":{"line":35,"column":15},"end":{"line":35,"column":24}},"loc":{"start":{"line":35,"column":24},"end":{"line":41,"column":null}}}},"branchMap":{},"s":{"0":1,"1":1,"2":1,"3":1,"4":1,"5":1,"6":1,"7":1,"8":1,"9":1,"10":1,"11":1,"12":1,"13":1,"14":1,"15":1,"16":1,"17":1,"18":1,"19":1,"20":1,"21":1,"22":1,"23":1,"24":1},"f":{"0":1,"1":1},"b":{}}
,"C:\\development\\backend\\node\\projects\\test_project\\5_Express_API\\src\\types.ts": {"path":"C:\\development\\backend\\node\\projects\\test_project\\5_Express_API\\src\\types.ts","statementMap":{"0":{"start":{"line":1,"column":13},"end":{"line":10,"column":2}}},"fnMap":{},"branchMap":{},"s":{"0":1},"f":{},"b":{}}
,"C:\\development\\backend\\node\\projects\\test_project\\5_Express_API\\src\\common\\auth.guard.ts": {"path":"C:\\development\\backend\\node\\projects\\test_project\\5_Express_API\\src\\common\\auth.guard.ts","statementMap":{"0":{"start":{"line":6,"column":4},"end":{"line":8,"column":null}},"1":{"start":{"line":7,"column":6},"end":{"line":7,"column":20}},"2":{"start":{"line":9,"column":4},"end":{"line":9,"column":58}},"3":{"start":{"line":4,"column":0},"end":{"line":4,"column":13}}},"fnMap":{"0":{"name":"(anonymous_0)","decl":{"start":{"line":5,"column":2},"end":{"line":5,"column":9}},"loc":{"start":{"line":5,"column":57},"end":{"line":10,"column":3}}}},"branchMap":{"0":{"loc":{"start":{"line":6,"column":4},"end":{"line":8,"column":null}},"type":"if","locations":[{"start":{"line":6,"column":4},"end":{"line":8,"column":null}}]}},"s":{"0":2,"1":1,"2":1,"3":1},"f":{"0":2},"b":{"0":[1]}}
,"C:\\development\\backend\\node\\projects\\test_project\\5_Express_API\\src\\common\\auth.middleware.ts": {"path":"C:\\development\\backend\\node\\projects\\test_project\\5_Express_API\\src\\common\\auth.middleware.ts","statementMap":{"0":{"start":{"line":3,"column":0},"end":{"line":3,"column":38}},"1":{"start":{"line":7,"column":22},"end":{"line":7,"column":36}},"2":{"start":{"line":9,"column":4},"end":{"line":21,"column":null}},"3":{"start":{"line":11,"column":6},"end":{"line":18,"column":9}},"4":{"start":{"line":12,"column":8},"end":{"line":17,"column":null}},"5":{"start":{"line":13,"column":10},"end":{"line":13,"column":17}},"6":{"start":{"line":14,"column":15},"end":{"line":17,"column":null}},"7":{"start":{"line":15,"column":10},"end":{"line":15,"column":35}},"8":{"start":{"line":16,"column":10},"end":{"line":16,"column":17}},"9":{"start":{"line":20,"column":6},"end":{"line":20,"column":13}},"10":{"start":{"line":6,"column":0},"end":{"line":6,"column":13}}},"fnMap":{"0":{"name":"(anonymous_0)","decl":{"start":{"line":7,"column":2},"end":{"line":7,"column":22}},"loc":{"start":{"line":7,"column":36},"end":{"line":7,"column":40}}},"1":{"name":"(anonymous_1)","decl":{"start":{"line":8,"column":2},"end":{"line":8,"column":9}},"loc":{"start":{"line":8,"column":57},"end":{"line":22,"column":3}}},"2":{"name":"(anonymous_2)","decl":{"start":{"line":11,"column":67},"end":{"line":11,"column":68}},"loc":{"start":{"line":11,"column":84},"end":{"line":18,"column":7}}}},"branchMap":{"0":{"loc":{"start":{"line":9,"column":4},"end":{"line":21,"column":null}},"type":"if","locations":[{"start":{"line":9,"column":4},"end":{"line":21,"column":null}},{"start":{"line":19,"column":11},"end":{"line":21,"column":null}}]},"1":{"loc":{"start":{"line":12,"column":8},"end":{"line":17,"column":null}},"type":"if","locations":[{"start":{"line":12,"column":8},"end":{"line":17,"column":null}},{"start":{"line":14,"column":15},"end":{"line":17,"column":null}}]},"2":{"loc":{"start":{"line":14,"column":15},"end":{"line":17,"column":null}},"type":"if","locations":[{"start":{"line":14,"column":15},"end":{"line":17,"column":null}}]}},"s":{"0":1,"1":1,"2":6,"3":2,"4":2,"5":1,"6":1,"7":1,"8":1,"9":4,"10":1},"f":{"0":1,"1":6,"2":2},"b":{"0":[2,4],"1":[1,1],"2":[1]}}
,"C:\\development\\backend\\node\\projects\\test_project\\5_Express_API\\src\\common\\base.controller.ts": {"path":"C:\\development\\backend\\node\\projects\\test_project\\5_Express_API\\src\\common\\base.controller.ts","statementMap":{"0":{"start":{"line":1,"column":0},"end":{"line":1,"column":43}},"1":{"start":{"line":2,"column":0},"end":{"line":2,"column":39}},"2":{"start":{"line":5,"column":0},"end":{"line":5,"column":26}},"3":{"start":{"line":8,"column":0},"end":{"line":44,"column":null}},"4":{"start":{"line":11,"column":22},"end":{"line":11,"column":37}},"5":{"start":{"line":12,"column":4},"end":{"line":12,"column":28}},"6":{"start":{"line":16,"column":4},"end":{"line":16,"column":24}},"7":{"start":{"line":20,"column":4},"end":{"line":20,"column":33}},"8":{"start":{"line":21,"column":4},"end":{"line":21,"column":42}},"9":{"start":{"line":25,"column":4},"end":{"line":25,"column":43}},"10":{"start":{"line":29,"column":4},"end":{"line":29,"column":31}},"11":{"start":{"line":33,"column":4},"end":{"line":42,"column":null}},"12":{"start":{"line":34,"column":6},"end":{"line":34,"column":57}},"13":{"start":{"line":35,"column":25},"end":{"line":35,"column":73}},"14":{"start":{"line":35,"column":55},"end":{"line":35,"column":72}},"15":{"start":{"line":36,"column":22},"end":{"line":36,"column":43}},"16":{"start":{"line":37,"column":23},"end":{"line":37,"column":70}},"17":{"start":{"line":39,"column":6},"end":{"line":39,"column":54}},"18":{"start":{"line":8,"column":22},"end":{"line":44,"column":null}},"19":{"start":{"line":8,"column":22},"end":{"line":8,"column":36}}},"fnMap":{"0":{"name":"(anonymous_2)","decl":{"start":{"line":11,"column":2},"end":{"line":11,"column":22}},"loc":{"start":{"line":11,"column":37},"end":{"line":13,"column":3}}},"1":{"name":"(anonymous_3)","decl":{"start":{"line":15,"column":2},"end":{"line":15,"column":6}},"loc":{"start":{"line":15,"column":12},"end":{"line":17,"column":3}}},"2":{"name":"(anonymous_4)","decl":{"start":{"line":19,"column":9},"end":{"line":19,"column":13}},"loc":{"start":{"line":19,"column":56},"end":{"line":22,"column":3}}},"3":{"name":"(anonymous_5)","decl":{"start":{"line":24,"column":9},"end":{"line":24,"column":11}},"loc":{"start":{"line":24,"column":40},"end":{"line":26,"column":3}}},"4":{"name":"(anonymous_6)","decl":{"start":{"line":28,"column":9},"end":{"line":28,"column":16}},"loc":{"start":{"line":28,"column":30},"end":{"line":30,"column":3}}},"5":{"name":"(anonymous_7)","decl":{"start":{"line":32,"column":12},"end":{"line":32,"column":22}},"loc":{"start":{"line":32,"column":49},"end":{"line":43,"column":3}}},"6":{"name":"(anonymous_8)","decl":{"start":{"line":35,"column":48},"end":{"line":35,"column":49}},"loc":{"start":{"line":35,"column":55},"end":{"line":35,"column":72}}}},"branchMap":{"0":{"loc":{"start":{"line":35,"column":25},"end":{"line":35,"column":73}},"type":"cond-expr","locations":[{"start":{"line":35,"column":42},"end":{"line":35,"column":44}},{"start":{"line":35,"column":42},"end":{"line":35,"column":73}}]},"1":{"loc":{"start":{"line":35,"column":25},"end":{"line":35,"column":44}},"type":"binary-expr","locations":[{"start":{"line":35,"column":25},"end":{"line":35,"column":44}},{"start":{"line":35,"column":42},"end":{"line":35,"column":44}}]},"2":{"loc":{"start":{"line":37,"column":23},"end":{"line":37,"column":70}},"type":"cond-expr","locations":[{"start":{"line":37,"column":36},"end":{"line":37,"column":60}},{"start":{"line":37,"column":63},"end":{"line":37,"column":70}}]}},"s":{"0":1,"1":1,"2":1,"3":1,"4":1,"5":1,"6":4,"7":3,"8":3,"9":3,"10":0,"11":1,"12":3,"13":3,"14":3,"15":3,"16":3,"17":3,"18":1,"19":1},"f":{"0":1,"1":4,"2":3,"3":3,"4":0,"5":1,"6":3},"b":{"0":[0,3],"1":[3,3],"2":[3,0]}}
,"C:\\development\\backend\\node\\projects\\test_project\\5_Express_API\\src\\common\\validate.middleware.ts": {"path":"C:\\development\\backend\\node\\projects\\test_project\\5_Express_API\\src\\common\\validate.middleware.ts","statementMap":{"0":{"start":{"line":3,"column":0},"end":{"line":3,"column":67}},"1":{"start":{"line":4,"column":0},"end":{"line":4,"column":43}},"2":{"start":{"line":9,"column":22},"end":{"line":9,"column":63}},"3":{"start":{"line":12,"column":21},"end":{"line":12,"column":61}},"4":{"start":{"line":13,"column":4},"end":{"line":20,"column":7}},"5":{"start":{"line":14,"column":6},"end":{"line":19,"column":null}},"6":{"start":{"line":15,"column":8},"end":{"line":15,"column":37}},"7":{"start":{"line":18,"column":8},"end":{"line":18,"column":15}},"8":{"start":{"line":8,"column":0},"end":{"line":8,"column":13}}},"fnMap":{"0":{"name":"(anonymous_0)","decl":{"start":{"line":9,"column":2},"end":{"line":9,"column":22}},"loc":{"start":{"line":9,"column":63},"end":{"line":9,"column":67}}},"1":{"name":"(anonymous_1)","decl":{"start":{"line":11,"column":2},"end":{"line":11,"column":9}},"loc":{"start":{"line":11,"column":62},"end":{"line":21,"column":3}}},"2":{"name":"(anonymous_2)","decl":{"start":{"line":13,"column":28},"end":{"line":13,"column":29}},"loc":{"start":{"line":13,"column":39},"end":{"line":20,"column":5}}}},"branchMap":{"0":{"loc":{"start":{"line":14,"column":6},"end":{"line":19,"column":null}},"type":"if","locations":[{"start":{"line":14,"column":6},"end":{"line":19,"column":null}},{"start":{"line":16,"column":13},"end":{"line":19,"column":null}}]}},"s":{"0":1,"1":1,"2":2,"3":4,"4":4,"5":4,"6":1,"7":3,"8":1},"f":{"0":2,"1":4,"2":4},"b":{"0":[1,3]}}
,"C:\\development\\backend\\node\\projects\\test_project\\5_Express_API\\src\\config\\config.service.ts": {"path":"C:\\development\\backend\\node\\projects\\test_project\\5_Express_API\\src\\config\\config.service.ts","statementMap":{"0":{"start":{"line":2,"column":0},"end":{"line":2,"column":71}},"1":{"start":{"line":4,"column":0},"end":{"line":4,"column":33}},"2":{"start":{"line":5,"column":0},"end":{"line":5,"column":47}},"3":{"start":{"line":8,"column":0},"end":{"line":23,"column":null}},"4":{"start":{"line":10,"column":45},"end":{"line":10,"column":60}},"5":{"start":{"line":11,"column":39},"end":{"line":11,"column":47}},"6":{"start":{"line":12,"column":4},"end":{"line":17,"column":null}},"7":{"start":{"line":13,"column":6},"end":{"line":13,"column":94}},"8":{"start":{"line":15,"column":6},"end":{"line":15,"column":70}},"9":{"start":{"line":16,"column":6},"end":{"line":16,"column":55}},"10":{"start":{"line":21,"column":4},"end":{"line":21,"column":28}},"11":{"start":{"line":8,"column":13},"end":{"line":23,"column":null}},"12":{"start":{"line":8,"column":13},"end":{"line":8,"column":26}}},"fnMap":{"0":{"name":"(anonymous_4)","decl":{"start":{"line":10,"column":2},"end":{"line":10,"column":15}},"loc":{"start":{"line":10,"column":60},"end":{"line":18,"column":3}}},"1":{"name":"(anonymous_5)","decl":{"start":{"line":19,"column":2},"end":{"line":19,"column":5}},"loc":{"start":{"line":19,"column":17},"end":{"line":22,"column":3}}}},"branchMap":{"0":{"loc":{"start":{"line":12,"column":4},"end":{"line":17,"column":null}},"type":"if","locations":[{"start":{"line":12,"column":4},"end":{"line":17,"column":null}},{"start":{"line":14,"column":11},"end":{"line":17,"column":null}}]}},"s":{"0":1,"1":1,"2":1,"3":1,"4":1,"5":1,"6":1,"7":0,"8":1,"9":1,"10":3,"11":1,"12":1},"f":{"0":1,"1":3},"b":{"0":[0,1]}}
,"C:\\development\\backend\\node\\projects\\test_project\\5_Express_API\\src\\database\\prisma.service.ts": {"path":"C:\\development\\backend\\node\\projects\\test_project\\5_Express_API\\src\\database\\prisma.service.ts","statementMap":{"0":{"start":{"line":1,"column":0},"end":{"line":1,"column":57}},"1":{"start":{"line":2,"column":0},"end":{"line":2,"column":47}},"2":{"start":{"line":4,"column":0},"end":{"line":4,"column":33}},"3":{"start":{"line":7,"column":0},"end":{"line":27,"column":null}},"4":{"start":{"line":10,"column":45},"end":{"line":10,"column":60}},"5":{"start":{"line":11,"column":4},"end":{"line":11,"column":37}},"6":{"start":{"line":15,"column":4},"end":{"line":22,"column":null}},"7":{"start":{"line":16,"column":6},"end":{"line":16,"column":35}},"8":{"start":{"line":17,"column":6},"end":{"line":17,"column":77}},"9":{"start":{"line":19,"column":6},"end":{"line":21,"column":null}},"10":{"start":{"line":20,"column":8},"end":{"line":20,"column":93}},"11":{"start":{"line":25,"column":4},"end":{"line":25,"column":36}},"12":{"start":{"line":7,"column":13},"end":{"line":27,"column":null}},"13":{"start":{"line":7,"column":13},"end":{"line":7,"column":26}}},"fnMap":{"0":{"name":"(anonymous_11)","decl":{"start":{"line":10,"column":2},"end":{"line":10,"column":15}},"loc":{"start":{"line":10,"column":60},"end":{"line":12,"column":3}}},"1":{"name":"(anonymous_12)","decl":{"start":{"line":14,"column":8},"end":{"line":14,"column":15}},"loc":{"start":{"line":14,"column":15},"end":{"line":23,"column":null}}},"2":{"name":"(anonymous_14)","decl":{"start":{"line":24,"column":8},"end":{"line":24,"column":18}},"loc":{"start":{"line":24,"column":18},"end":{"line":26,"column":null}}}},"branchMap":{"0":{"loc":{"start":{"line":19,"column":6},"end":{"line":21,"column":null}},"type":"if","locations":[{"start":{"line":19,"column":6},"end":{"line":21,"column":null}}]}},"s":{"0":1,"1":1,"2":1,"3":1,"4":1,"5":1,"6":1,"7":1,"8":1,"9":0,"10":0,"11":0,"12":1,"13":1},"f":{"0":1,"1":1,"2":0},"b":{"0":[0]}}
,"C:\\development\\backend\\node\\projects\\test_project\\5_Express_API\\src\\errors\\exception.filter.ts": {"path":"C:\\development\\backend\\node\\projects\\test_project\\5_Express_API\\src\\errors\\exception.filter.ts","statementMap":{"0":{"start":{"line":2,"column":0},"end":{"line":2,"column":47}},"1":{"start":{"line":5,"column":0},"end":{"line":5,"column":33}},"2":{"start":{"line":7,"column":0},"end":{"line":7,"column":47}},"3":{"start":{"line":8,"column":0},"end":{"line":8,"column":26}},"4":{"start":{"line":11,"column":0},"end":{"line":23,"column":null}},"5":{"start":{"line":12,"column":45},"end":{"line":12,"column":60}},"6":{"start":{"line":14,"column":4},"end":{"line":21,"column":null}},"7":{"start":{"line":15,"column":6},"end":{"line":15,"column":85}},"8":{"start":{"line":16,"column":6},"end":{"line":16,"column":60}},"9":{"start":{"line":19,"column":6},"end":{"line":19,"column":42}},"10":{"start":{"line":20,"column":6},"end":{"line":20,"column":49}},"11":{"start":{"line":11,"column":13},"end":{"line":23,"column":null}},"12":{"start":{"line":11,"column":13},"end":{"line":11,"column":28}}},"fnMap":{"0":{"name":"(anonymous_4)","decl":{"start":{"line":12,"column":2},"end":{"line":12,"column":15}},"loc":{"start":{"line":12,"column":60},"end":{"line":12,"column":64}}},"1":{"name":"(anonymous_5)","decl":{"start":{"line":13,"column":2},"end":{"line":13,"column":7}},"loc":{"start":{"line":13,"column":79},"end":{"line":22,"column":3}}}},"branchMap":{"0":{"loc":{"start":{"line":14,"column":4},"end":{"line":21,"column":null}},"type":"if","locations":[{"start":{"line":14,"column":4},"end":{"line":21,"column":null}},{"start":{"line":17,"column":11},"end":{"line":21,"column":null}}]}},"s":{"0":1,"1":1,"2":1,"3":1,"4":1,"5":1,"6":1,"7":1,"8":1,"9":0,"10":0,"11":1,"12":1},"f":{"0":1,"1":1},"b":{"0":[1,0]}}
,"C:\\development\\backend\\node\\projects\\test_project\\5_Express_API\\src\\errors\\http-error.class.ts": {"path":"C:\\development\\backend\\node\\projects\\test_project\\5_Express_API\\src\\errors\\http-error.class.ts","statementMap":{"0":{"start":{"line":6,"column":4},"end":{"line":6,"column":19}},"1":{"start":{"line":7,"column":4},"end":{"line":7,"column":33}},"2":{"start":{"line":8,"column":4},"end":{"line":8,"column":27}},"3":{"start":{"line":9,"column":4},"end":{"line":9,"column":27}},"4":{"start":{"line":1,"column":0},"end":{"line":1,"column":13}}},"fnMap":{"0":{"name":"(anonymous_0)","decl":{"start":{"line":5,"column":2},"end":{"line":5,"column":14}},"loc":{"start":{"line":5,"column":67},"end":{"line":10,"column":3}}}},"branchMap":{},"s":{"0":1,"1":1,"2":1,"3":1,"4":1},"f":{"0":1},"b":{}}
,"C:\\development\\backend\\node\\projects\\test_project\\5_Express_API\\src\\logger\\logger.service.ts": {"path":"C:\\development\\backend\\node\\projects\\test_project\\5_Express_API\\src\\logger\\logger.service.ts","statementMap":{"0":{"start":{"line":1,"column":0},"end":{"line":1,"column":39}},"1":{"start":{"line":2,"column":0},"end":{"line":2,"column":31}},"2":{"start":{"line":4,"column":0},"end":{"line":4,"column":26}},"3":{"start":{"line":7,"column":0},"end":{"line":30,"column":null}},"4":{"start":{"line":11,"column":4},"end":{"line":16,"column":7}},"5":{"start":{"line":20,"column":4},"end":{"line":20,"column":30}},"6":{"start":{"line":24,"column":4},"end":{"line":24,"column":31}},"7":{"start":{"line":28,"column":4},"end":{"line":28,"column":30}},"8":{"start":{"line":7,"column":13},"end":{"line":30,"column":null}},"9":{"start":{"line":7,"column":13},"end":{"line":7,"column":26}}},"fnMap":{"0":{"name":"(anonymous_2)","decl":{"start":{"line":10,"column":2},"end":{"line":10,"column":null}},"loc":{"start":{"line":10,"column":2},"end":{"line":17,"column":3}}},"1":{"name":"(anonymous_3)","decl":{"start":{"line":19,"column":2},"end":{"line":19,"column":5}},"loc":{"start":{"line":19,"column":24},"end":{"line":21,"column":3}}},"2":{"name":"(anonymous_4)","decl":{"start":{"line":23,"column":2},"end":{"line":23,"column":7}},"loc":{"start":{"line":23,"column":26},"end":{"line":25,"column":3}}},"3":{"name":"(anonymous_5)","decl":{"start":{"line":27,"column":2},"end":{"line":27,"column":6}},"loc":{"start":{"line":27,"column":25},"end":{"line":29,"column":3}}}},"branchMap":{},"s":{"0":1,"1":1,"2":1,"3":1,"4":1,"5":6,"6":1,"7":0,"8":1,"9":1},"f":{"0":1,"1":6,"2":1,"3":0},"b":{}}
,"C:\\development\\backend\\node\\projects\\test_project\\5_Express_API\\src\\users\\user.entity.ts": {"path":"C:\\development\\backend\\node\\projects\\test_project\\5_Express_API\\src\\users\\user.entity.ts","statementMap":{"0":{"start":{"line":1,"column":0},"end":{"line":1,"column":41}},"1":{"start":{"line":7,"column":21},"end":{"line":7,"column":35}},"2":{"start":{"line":8,"column":21},"end":{"line":8,"column":34}},"3":{"start":{"line":11,"column":4},"end":{"line":13,"column":null}},"4":{"start":{"line":12,"column":6},"end":{"line":12,"column":36}},"5":{"start":{"line":17,"column":4},"end":{"line":17,"column":23}},"6":{"start":{"line":21,"column":4},"end":{"line":21,"column":22}},"7":{"start":{"line":25,"column":4},"end":{"line":25,"column":26}},"8":{"start":{"line":29,"column":4},"end":{"line":29,"column":44}},"9":{"start":{"line":33,"column":4},"end":{"line":33,"column":41}},"10":{"start":{"line":3,"column":0},"end":{"line":3,"column":13}}},"fnMap":{"0":{"name":"(anonymous_7)","decl":{"start":{"line":6,"column":2},"end":{"line":6,"column":null}},"loc":{"start":{"line":9,"column":25},"end":{"line":14,"column":3}}},"1":{"name":"(anonymous_8)","decl":{"start":{"line":16,"column":2},"end":{"line":16,"column":6}},"loc":{"start":{"line":16,"column":11},"end":{"line":18,"column":3}}},"2":{"name":"(anonymous_9)","decl":{"start":{"line":20,"column":2},"end":{"line":20,"column":6}},"loc":{"start":{"line":20,"column":10},"end":{"line":22,"column":3}}},"3":{"name":"(anonymous_10)","decl":{"start":{"line":24,"column":2},"end":{"line":24,"column":6}},"loc":{"start":{"line":24,"column":14},"end":{"line":26,"column":3}}},"4":{"name":"(anonymous_11)","decl":{"start":{"line":28,"column":15},"end":{"line":28,"column":26}},"loc":{"start":{"line":28,"column":53},"end":{"line":30,"column":null}}},"5":{"name":"(anonymous_13)","decl":{"start":{"line":32,"column":15},"end":{"line":32,"column":30}},"loc":{"start":{"line":32,"column":43},"end":{"line":34,"column":null}}}},"branchMap":{"0":{"loc":{"start":{"line":11,"column":4},"end":{"line":13,"column":null}},"type":"if","locations":[{"start":{"line":11,"column":4},"end":{"line":13,"column":null}}]}},"s":{"0":1,"1":3,"2":3,"3":3,"4":3,"5":0,"6":0,"7":0,"8":0,"9":3,"10":1},"f":{"0":3,"1":0,"2":0,"3":0,"4":0,"5":3},"b":{"0":[3]}}
,"C:\\development\\backend\\node\\projects\\test_project\\5_Express_API\\src\\users\\users.conroller.ts": {"path":"C:\\development\\backend\\node\\projects\\test_project\\5_Express_API\\src\\users\\users.conroller.ts","statementMap":{"0":{"start":{"line":2,"column":0},"end":{"line":2,"column":47}},"1":{"start":{"line":3,"column":0},"end":{"line":3,"column":59}},"2":{"start":{"line":4,"column":0},"end":{"line":4,"column":55}},"3":{"start":{"line":6,"column":0},"end":{"line":6,"column":33}},"4":{"start":{"line":7,"column":0},"end":{"line":7,"column":26}},"5":{"start":{"line":9,"column":0},"end":{"line":9,"column":52}},"6":{"start":{"line":10,"column":0},"end":{"line":10,"column":58}},"7":{"start":{"line":13,"column":0},"end":{"line":13,"column":67}},"8":{"start":{"line":14,"column":0},"end":{"line":14,"column":36}},"9":{"start":{"line":17,"column":0},"end":{"line":17,"column":49}},"10":{"start":{"line":20,"column":0},"end":{"line":105,"column":null}},"11":{"start":{"line":26,"column":4},"end":{"line":26,"column":25}},"12":{"start":{"line":22,"column":35},"end":{"line":22,"column":57}},"13":{"start":{"line":23,"column":40},"end":{"line":23,"column":66}},"14":{"start":{"line":24,"column":41},"end":{"line":24,"column":70}},"15":{"start":{"line":27,"column":4},"end":{"line":46,"column":7}},"16":{"start":{"line":54,"column":19},"end":{"line":54,"column":64}},"17":{"start":{"line":55,"column":4},"end":{"line":57,"column":null}},"18":{"start":{"line":56,"column":6},"end":{"line":56,"column":69}},"19":{"start":{"line":58,"column":16},"end":{"line":58,"column":84}},"20":{"start":{"line":60,"column":4},"end":{"line":60,"column":26}},"21":{"start":{"line":68,"column":19},"end":{"line":68,"column":58}},"22":{"start":{"line":69,"column":4},"end":{"line":71,"column":null}},"23":{"start":{"line":70,"column":6},"end":{"line":70,"column":75}},"24":{"start":{"line":72,"column":4},"end":{"line":72,"column":57}},"25":{"start":{"line":76,"column":21},"end":{"line":76,"column":61}},"26":{"start":{"line":77,"column":4},"end":{"line":77,"column":63}},"27":{"start":{"line":85,"column":4},"end":{"line":103,"column":7}},"28":{"start":{"line":86,"column":6},"end":{"line":102,"column":8}},"29":{"start":{"line":97,"column":10},"end":{"line":99,"column":null}},"30":{"start":{"line":98,"column":12},"end":{"line":98,"column":24}},"31":{"start":{"line":100,"column":10},"end":{"line":100,"column":35}},"32":{"start":{"line":20,"column":13},"end":{"line":105,"column":null}},"33":{"start":{"line":20,"column":13},"end":{"line":20,"column":27}}},"fnMap":{"0":{"name":"(anonymous_11)","decl":{"start":{"line":21,"column":2},"end":{"line":21,"column":null}},"loc":{"start":{"line":24,"column":70},"end":{"line":47,"column":3}}},"1":{"name":"(anonymous_12)","decl":{"start":{"line":49,"column":8},"end":{"line":49,"column":13}},"loc":{"start":{"line":52,"column":22},"end":{"line":61,"column":null}}},"2":{"name":"(anonymous_14)","decl":{"start":{"line":63,"column":8},"end":{"line":63,"column":16}},"loc":{"start":{"line":66,"column":22},"end":{"line":73,"column":null}}},"3":{"name":"(anonymous_16)","decl":{"start":{"line":75,"column":8},"end":{"line":75,"column":12}},"loc":{"start":{"line":75,"column":65},"end":{"line":78,"column":null}}},"4":{"name":"(anonymous_18)","decl":{"start":{"line":84,"column":10},"end":{"line":84,"column":17}},"loc":{"start":{"line":84,"column":47},"end":{"line":104,"column":3}}},"5":{"name":"(anonymous_19)","decl":{"start":{"line":85,"column":31},"end":{"line":85,"column":32}},"loc":{"start":{"line":85,"column":51},"end":{"line":103,"column":5}}},"6":{"name":"(anonymous_20)","decl":{"start":{"line":95,"column":8},"end":{"line":95,"column":9}},"loc":{"start":{"line":95,"column":23},"end":{"line":101,"column":9}}}},"branchMap":{"0":{"loc":{"start":{"line":55,"column":4},"end":{"line":57,"column":null}},"type":"if","locations":[{"start":{"line":55,"column":4},"end":{"line":57,"column":null}}]},"1":{"loc":{"start":{"line":69,"column":4},"end":{"line":71,"column":null}},"type":"if","locations":[{"start":{"line":69,"column":4},"end":{"line":71,"column":null}}]},"2":{"loc":{"start":{"line":77,"column":26},"end":{"line":77,"column":41}},"type":"cond-expr","locations":[{"start":{"line":77,"column":34},"end":{"line":77,"column":36}},{"start":{"line":77,"column":26},"end":{"line":77,"column":41}}]},"3":{"loc":{"start":{"line":77,"column":26},"end":{"line":77,"column":36}},"type":"binary-expr","locations":[{"start":{"line":77,"column":26},"end":{"line":77,"column":36}},{"start":{"line":77,"column":26},"end":{"line":77,"column":36}}]},"4":{"loc":{"start":{"line":77,"column":47},"end":{"line":77,"column":59}},"type":"cond-expr","locations":[{"start":{"line":77,"column":55},"end":{"line":77,"column":57}},{"start":{"line":77,"column":47},"end":{"line":77,"column":59}}]},"5":{"loc":{"start":{"line":77,"column":47},"end":{"line":77,"column":57}},"type":"binary-expr","locations":[{"start":{"line":77,"column":47},"end":{"line":77,"column":57}},{"start":{"line":77,"column":47},"end":{"line":77,"column":57}}]},"6":{"loc":{"start":{"line":97,"column":10},"end":{"line":99,"column":null}},"type":"if","locations":[{"start":{"line":97,"column":10},"end":{"line":99,"column":null}}]}},"s":{"0":1,"1":1,"2":1,"3":1,"4":1,"5":1,"6":1,"7":1,"8":1,"9":1,"10":1,"11":1,"12":1,"13":1,"14":1,"15":1,"16":3,"17":3,"18":1,"19":2,"20":2,"21":0,"22":0,"23":0,"24":0,"25":1,"26":1,"27":2,"28":2,"29":2,"30":0,"31":2,"32":1,"33":1},"f":{"0":1,"1":3,"2":0,"3":1,"4":2,"5":2,"6":2},"b":{"0":[1],"1":[0],"2":[0,1],"3":[1,1],"4":[0,1],"5":[1,1],"6":[0]}}
,"C:\\development\\backend\\node\\projects\\test_project\\5_Express_API\\src\\users\\users.repository.ts": {"path":"C:\\development\\backend\\node\\projects\\test_project\\5_Express_API\\src\\users\\users.repository.ts","statementMap":{"0":{"start":{"line":2,"column":0},"end":{"line":2,"column":47}},"1":{"start":{"line":3,"column":0},"end":{"line":3,"column":59}},"2":{"start":{"line":4,"column":0},"end":{"line":4,"column":33}},"3":{"start":{"line":9,"column":0},"end":{"line":27,"column":null}},"4":{"start":{"line":10,"column":51},"end":{"line":10,"column":66}},"5":{"start":{"line":12,"column":4},"end":{"line":18,"column":7}},"6":{"start":{"line":21,"column":4},"end":{"line":25,"column":7}},"7":{"start":{"line":9,"column":13},"end":{"line":27,"column":null}},"8":{"start":{"line":9,"column":13},"end":{"line":9,"column":28}}},"fnMap":{"0":{"name":"(anonymous_11)","decl":{"start":{"line":10,"column":2},"end":{"line":10,"column":15}},"loc":{"start":{"line":10,"column":79},"end":{"line":10,"column":83}}},"1":{"name":"(anonymous_12)","decl":{"start":{"line":11,"column":8},"end":{"line":11,"column":14}},"loc":{"start":{"line":11,"column":46},"end":{"line":19,"column":null}}},"2":{"name":"(anonymous_14)","decl":{"start":{"line":20,"column":8},"end":{"line":20,"column":12}},"loc":{"start":{"line":20,"column":26},"end":{"line":26,"column":null}}}},"branchMap":{},"s":{"0":1,"1":1,"2":1,"3":1,"4":1,"5":0,"6":4,"7":1,"8":1},"f":{"0":1,"1":0,"2":4},"b":{}}
,"C:\\development\\backend\\node\\projects\\test_project\\5_Express_API\\src\\users\\users.service.ts": {"path":"C:\\development\\backend\\node\\projects\\test_project\\5_Express_API\\src\\users\\users.service.ts","statementMap":{"0":{"start":{"line":2,"column":0},"end":{"line":2,"column":47}},"1":{"start":{"line":4,"column":0},"end":{"line":4,"column":33}},"2":{"start":{"line":7,"column":0},"end":{"line":7,"column":37}},"3":{"start":{"line":14,"column":0},"end":{"line":45,"column":null}},"4":{"start":{"line":16,"column":41},"end":{"line":16,"column":70}},"5":{"start":{"line":17,"column":43},"end":{"line":17,"column":76}},"6":{"start":{"line":20,"column":20},"end":{"line":20,"column":41}},"7":{"start":{"line":21,"column":17},"end":{"line":21,"column":47}},"8":{"start":{"line":22,"column":4},"end":{"line":22,"column":54}},"9":{"start":{"line":23,"column":24},"end":{"line":23,"column":62}},"10":{"start":{"line":25,"column":4},"end":{"line":28,"column":null}},"11":{"start":{"line":27,"column":6},"end":{"line":27,"column":18}},"12":{"start":{"line":30,"column":4},"end":{"line":30,"column":48}},"13":{"start":{"line":31,"column":4},"end":{"line":31,"column":16}},"14":{"start":{"line":34,"column":24},"end":{"line":34,"column":62}},"15":{"start":{"line":35,"column":4},"end":{"line":37,"column":null}},"16":{"start":{"line":36,"column":6},"end":{"line":36,"column":19}},"17":{"start":{"line":38,"column":20},"end":{"line":38,"column":87}},"18":{"start":{"line":39,"column":4},"end":{"line":39,"column":45}},"19":{"start":{"line":43,"column":4},"end":{"line":43,"column":44}},"20":{"start":{"line":14,"column":13},"end":{"line":45,"column":null}},"21":{"start":{"line":14,"column":13},"end":{"line":14,"column":25}}},"fnMap":{"0":{"name":"(anonymous_11)","decl":{"start":{"line":15,"column":2},"end":{"line":15,"column":null}},"loc":{"start":{"line":17,"column":76},"end":{"line":18,"column":6}}},"1":{"name":"(anonymous_12)","decl":{"start":{"line":19,"column":8},"end":{"line":19,"column":18}},"loc":{"start":{"line":19,"column":61},"end":{"line":32,"column":null}}},"2":{"name":"(anonymous_14)","decl":{"start":{"line":33,"column":8},"end":{"line":33,"column":20}},"loc":{"start":{"line":33,"column":54},"end":{"line":40,"column":null}}},"3":{"name":"(anonymous_16)","decl":{"start":{"line":42,"column":8},"end":{"line":42,"column":19}},"loc":{"start":{"line":42,"column":33},"end":{"line":44,"column":null}}}},"branchMap":{"0":{"loc":{"start":{"line":25,"column":4},"end":{"line":28,"column":null}},"type":"if","locations":[{"start":{"line":25,"column":4},"end":{"line":28,"column":null}}]},"1":{"loc":{"start":{"line":35,"column":4},"end":{"line":37,"column":null}},"type":"if","locations":[{"start":{"line":35,"column":4},"end":{"line":37,"column":null}}]}},"s":{"0":1,"1":1,"2":1,"3":1,"4":1,"5":1,"6":0,"7":0,"8":0,"9":0,"10":0,"11":0,"12":0,"13":0,"14":3,"15":3,"16":0,"17":3,"18":3,"19":1,"20":1,"21":1},"f":{"0":1,"1":0,"2":3,"3":1},"b":{"0":[0],"1":[0]}}
,"C:\\development\\backend\\node\\projects\\test_project\\5_Express_API\\src\\users\\dto\\user-login.dto.ts": {"path":"C:\\development\\backend\\node\\projects\\test_project\\5_Express_API\\src\\users\\dto\\user-login.dto.ts","statementMap":{"0":{"start":{"line":1,"column":0},"end":{"line":1,"column":52}},"1":{"start":{"line":5,"column":2},"end":{"line":5,"column":null}},"2":{"start":{"line":8,"column":2},"end":{"line":8,"column":null}},"3":{"start":{"line":3,"column":0},"end":{"line":3,"column":13}}},"fnMap":{},"branchMap":{},"s":{"0":1,"1":1,"2":1,"3":1},"f":{},"b":{}}
,"C:\\development\\backend\\node\\projects\\test_project\\5_Express_API\\src\\users\\dto\\user-register.dto.ts": {"path":"C:\\development\\backend\\node\\projects\\test_project\\5_Express_API\\src\\users\\dto\\user-register.dto.ts","statementMap":{"0":{"start":{"line":1,"column":0},"end":{"line":1,"column":52}},"1":{"start":{"line":6,"column":2},"end":{"line":6,"column":null}},"2":{"start":{"line":9,"column":2},"end":{"line":9,"column":null}},"3":{"start":{"line":12,"column":2},"end":{"line":12,"column":null}},"4":{"start":{"line":4,"column":0},"end":{"line":4,"column":13}}},"fnMap":{},"branchMap":{},"s":{"0":1,"1":1,"2":1,"3":1,"4":1},"f":{},"b":{}}
}
